2023-10-21 19:58:15,494 [INFO] Activator:179 - 


2023-10-21 19:58:15,494 [INFO] Activator:180 - !SESSION log4j initialized
2023-10-21 19:58:20,151 [ERROR] ConfigurationRetriever:140 - IOException on connection: Remote host terminated the handshake
2023-10-21 19:58:21,121 [ERROR] ConfigurationRetriever:140 - IOException on connection: Remote host terminated the handshake
2023-10-21 19:58:21,870 [ERROR] ConfigurationRetriever:140 - IOException on connection: Remote host terminated the handshake
2023-10-21 19:58:40,778 [ERROR] LogOutputStream:74 - [STDERR_REDIRECT] SLF4J: Failed to load class "org.slf4j.impl.StaticLoggerBinder".
2023-10-21 19:58:40,778 [ERROR] LogOutputStream:74 - [STDERR_REDIRECT] SLF4J: Defaulting to no-operation (NOP) logger implementation
2023-10-21 19:58:40,778 [ERROR] LogOutputStream:74 - [STDERR_REDIRECT] SLF4J: See http://www.slf4j.org/codes.html#StaticLoggerBinder for further details.
2023-10-21 19:58:59,561 [ERROR] ConfigurationRetriever:140 - IOException on connection: Remote host terminated the handshake
2023-10-21 19:59:00,332 [ERROR] ConfigurationRetriever:140 - IOException on connection: Remote host terminated the handshake
2023-10-21 19:59:01,123 [ERROR] ConfigurationRetriever:140 - IOException on connection: Remote host terminated the handshake
2023-10-21 19:59:18,979 [INFO] Activator:179 - 


2023-10-21 19:59:18,981 [INFO] Activator:180 - !SESSION log4j initialized
2023-10-21 19:59:25,699 [ERROR] ConfigurationRetriever:140 - IOException on connection: Remote host terminated the handshake
2023-10-21 19:59:26,681 [ERROR] ConfigurationRetriever:140 - IOException on connection: Remote host terminated the handshake
2023-10-21 19:59:27,252 [ERROR] ConfigurationRetriever:140 - IOException on connection: Remote host terminated the handshake
2023-10-21 19:59:29,924 [ERROR] ConfigurationRetriever:140 - IOException on connection: Read timed out
2023-10-21 19:59:31,941 [ERROR] ConfigurationRetriever:140 - IOException on connection: Read timed out
2023-10-21 19:59:33,947 [ERROR] ConfigurationRetriever:140 - IOException on connection: Read timed out
2023-10-21 19:59:39,825 [ERROR] ConfigurationRetriever:140 - IOException on connection: Read timed out
2023-10-21 19:59:41,838 [ERROR] ConfigurationRetriever:140 - IOException on connection: Read timed out
2023-10-21 19:59:43,850 [ERROR] ConfigurationRetriever:140 - IOException on connection: Read timed out
2023-10-21 19:59:50,090 [ERROR] LogOutputStream:74 - [STDERR_REDIRECT] SLF4J: Failed to load class "org.slf4j.impl.StaticLoggerBinder".
2023-10-21 19:59:50,090 [ERROR] LogOutputStream:74 - [STDERR_REDIRECT] SLF4J: Defaulting to no-operation (NOP) logger implementation
2023-10-21 19:59:50,090 [ERROR] LogOutputStream:74 - [STDERR_REDIRECT] SLF4J: See http://www.slf4j.org/codes.html#StaticLoggerBinder for further details.
2023-10-21 20:00:27,263 [ERROR] ConfigurationRetriever:140 - IOException on connection: Read timed out
2023-10-21 20:00:29,272 [ERROR] ConfigurationRetriever:140 - IOException on connection: Read timed out
2023-10-21 20:00:31,276 [ERROR] ConfigurationRetriever:140 - IOException on connection: Read timed out
2023-10-21 20:51:19,966 [ERROR] ConfigurationRetriever:140 - IOException on connection: Remote host terminated the handshake
2023-10-21 20:51:20,705 [ERROR] ConfigurationRetriever:140 - IOException on connection: Remote host terminated the handshake
2023-10-21 20:51:21,395 [ERROR] ConfigurationRetriever:140 - IOException on connection: Remote host terminated the handshake
2023-10-22 21:14:41,469 [INFO] Activator:179 - 


2023-10-22 21:14:41,470 [INFO] Activator:180 - !SESSION log4j initialized
2023-10-22 21:14:49,319 [ERROR] ConfigurationRetriever:140 - IOException on connection: citools.st.com
2023-10-22 21:14:49,321 [ERROR] ConfigurationRetriever:140 - IOException on connection: citools.st.com
2023-10-22 21:14:49,321 [ERROR] ConfigurationRetriever:140 - IOException on connection: citools.st.com
2023-10-22 21:14:50,840 [ERROR] ConfigurationRetriever:140 - IOException on connection: citools.st.com
2023-10-22 21:14:50,841 [ERROR] ConfigurationRetriever:140 - IOException on connection: citools.st.com
2023-10-22 21:14:50,842 [ERROR] ConfigurationRetriever:140 - IOException on connection: citools.st.com
2023-10-22 21:14:59,255 [ERROR] ConfigurationRetriever:140 - IOException on connection: citools.st.com
2023-10-22 21:14:59,255 [ERROR] ConfigurationRetriever:140 - IOException on connection: citools.st.com
2023-10-22 21:14:59,256 [ERROR] ConfigurationRetriever:140 - IOException on connection: citools.st.com
2023-10-22 21:15:10,607 [ERROR] LogOutputStream:74 - [STDERR_REDIRECT] SLF4J: Failed to load class "org.slf4j.impl.StaticLoggerBinder".
2023-10-22 21:15:10,607 [ERROR] LogOutputStream:74 - [STDERR_REDIRECT] SLF4J: Defaulting to no-operation (NOP) logger implementation
2023-10-22 21:15:10,608 [ERROR] LogOutputStream:74 - [STDERR_REDIRECT] SLF4J: See http://www.slf4j.org/codes.html#StaticLoggerBinder for further details.
2023-10-22 23:12:12,834 [ERROR] ConfigurationRetriever:140 - IOException on connection: citools.st.com
2023-10-22 23:12:12,835 [ERROR] ConfigurationRetriever:140 - IOException on connection: citools.st.com
2023-10-22 23:12:12,835 [ERROR] ConfigurationRetriever:140 - IOException on connection: citools.st.com
2023-10-27 23:22:15,704 [INFO] Activator:179 - 


2023-10-27 23:22:15,705 [INFO] Activator:180 - !SESSION log4j initialized
2023-10-27 23:22:23,296 [ERROR] ConfigurationRetriever:140 - IOException on connection: Remote host terminated the handshake
2023-10-27 23:22:24,218 [ERROR] ConfigurationRetriever:140 - IOException on connection: Remote host terminated the handshake
2023-10-27 23:22:26,226 [ERROR] ConfigurationRetriever:140 - IOException on connection: Read timed out
2023-10-27 23:22:44,290 [ERROR] LogOutputStream:74 - [STDERR_REDIRECT] SLF4J: Failed to load class "org.slf4j.impl.StaticLoggerBinder".
2023-10-27 23:22:44,291 [ERROR] LogOutputStream:74 - [STDERR_REDIRECT] SLF4J: Defaulting to no-operation (NOP) logger implementation
2023-10-27 23:22:44,292 [ERROR] LogOutputStream:74 - [STDERR_REDIRECT] SLF4J: See http://www.slf4j.org/codes.html#StaticLoggerBinder for further details.
2023-10-27 23:55:07,087 [ERROR] ConfigurationRetriever:140 - IOException on connection: Remote host terminated the handshake
2023-10-27 23:55:09,094 [ERROR] ConfigurationRetriever:140 - IOException on connection: Read timed out
2023-10-27 23:55:11,098 [ERROR] ConfigurationRetriever:140 - IOException on connection: Read timed out
2023-10-27 23:55:12,411 [ERROR] ConfigurationRetriever:140 - IOException on connection: Remote host terminated the handshake
2023-10-27 23:55:13,230 [ERROR] ConfigurationRetriever:140 - IOException on connection: Remote host terminated the handshake
2023-10-27 23:55:14,767 [ERROR] ConfigurationRetriever:140 - IOException on connection: Remote host terminated the handshake
2023-10-27 23:56:22,046 [ERROR] ConfigurationRetriever:140 - IOException on connection: Remote host terminated the handshake
2023-10-27 23:56:22,763 [ERROR] ConfigurationRetriever:140 - IOException on connection: Remote host terminated the handshake
2023-10-27 23:56:23,377 [ERROR] ConfigurationRetriever:140 - IOException on connection: Remote host terminated the handshake
2023-10-30 09:18:50,600 [INFO] Activator:179 - 


2023-10-30 09:18:50,602 [INFO] Activator:180 - !SESSION log4j initialized
2023-10-30 09:18:56,125 [ERROR] ConfigurationRetriever:140 - IOException on connection: Connection refused: connect
2023-10-30 09:18:56,127 [ERROR] ConfigurationRetriever:140 - IOException on connection: Connection refused: connect
2023-10-30 09:18:56,129 [ERROR] ConfigurationRetriever:140 - IOException on connection: Connection refused: connect
2023-10-30 09:19:17,787 [ERROR] LogOutputStream:74 - [STDERR_REDIRECT] SLF4J: Failed to load class "org.slf4j.impl.StaticLoggerBinder".
2023-10-30 09:19:17,787 [ERROR] LogOutputStream:74 - [STDERR_REDIRECT] SLF4J: Defaulting to no-operation (NOP) logger implementation
2023-10-30 09:19:17,788 [ERROR] LogOutputStream:74 - [STDERR_REDIRECT] SLF4J: See http://www.slf4j.org/codes.html#StaticLoggerBinder for further details.
2023-10-30 09:24:07,218 [ERROR] ConfigurationRetriever:140 - IOException on connection: Connection refused: connect
2023-10-30 09:24:07,258 [ERROR] ConfigurationRetriever:140 - IOException on connection: Connection refused: connect
2023-10-30 09:24:07,274 [ERROR] ConfigurationRetriever:140 - IOException on connection: Connection refused: connect
2023-10-30 09:24:07,588 [ERROR] ConfigurationRetriever:140 - IOException on connection: Connection refused: connect
2023-10-30 09:24:07,604 [ERROR] ConfigurationRetriever:140 - IOException on connection: Connection refused: connect
2023-10-30 09:24:07,605 [ERROR] ConfigurationRetriever:140 - IOException on connection: Connection refused: connect
2023-10-30 10:45:57,104 [ERROR] ConfigurationRetriever:140 - IOException on connection: Remote host terminated the handshake
2023-10-30 10:45:57,822 [ERROR] ConfigurationRetriever:140 - IOException on connection: Remote host terminated the handshake
2023-10-30 10:45:58,555 [ERROR] ConfigurationRetriever:140 - IOException on connection: Remote host terminated the handshake
2023-10-30 23:26:21,859 [INFO] Activator:179 - 


2023-10-30 23:26:21,860 [INFO] Activator:180 - !SESSION log4j initialized
2023-10-30 23:26:31,986 [ERROR] ConfigurationRetriever:140 - IOException on connection: Read timed out
2023-10-30 23:26:33,992 [ERROR] ConfigurationRetriever:140 - IOException on connection: Read timed out
2023-10-30 23:26:34,776 [ERROR] ConfigurationRetriever:140 - IOException on connection: Remote host terminated the handshake
2023-10-30 23:26:51,877 [ERROR] LogOutputStream:74 - [STDERR_REDIRECT] SLF4J: Failed to load class "org.slf4j.impl.StaticLoggerBinder".
2023-10-30 23:26:51,878 [ERROR] LogOutputStream:74 - [STDERR_REDIRECT] SLF4J: Defaulting to no-operation (NOP) logger implementation
2023-10-30 23:26:51,879 [ERROR] LogOutputStream:74 - [STDERR_REDIRECT] SLF4J: See http://www.slf4j.org/codes.html#StaticLoggerBinder for further details.
2023-10-30 23:27:04,419 [ERROR] ConfigurationRetriever:140 - IOException on connection: Remote host terminated the handshake
2023-10-30 23:27:05,166 [ERROR] ConfigurationRetriever:140 - IOException on connection: Remote host terminated the handshake
2023-10-30 23:27:06,042 [ERROR] ConfigurationRetriever:140 - IOException on connection: Remote host terminated the handshake
2023-10-30 23:27:07,159 [ERROR] ConfigurationRetriever:140 - IOException on connection: Remote host terminated the handshake
2023-10-30 23:27:07,927 [ERROR] ConfigurationRetriever:140 - IOException on connection: Remote host terminated the handshake
2023-10-30 23:27:08,449 [ERROR] ConfigurationRetriever:140 - IOException on connection: Remote host terminated the handshake
2023-10-31 00:44:29,040 [ERROR] ConfigurationRetriever:140 - IOException on connection: Remote host terminated the handshake
2023-10-31 00:44:29,811 [ERROR] ConfigurationRetriever:140 - IOException on connection: Remote host terminated the handshake
2023-10-31 00:44:30,751 [ERROR] ConfigurationRetriever:140 - IOException on connection: Remote host terminated the handshake
