Removed Pin From Net: NetName=GND Pin=C2-2
Removed Pin From Net: NetName=GND Pin=D1-1
Removed Pin From Net: NetName=GND Pin=D4-1
Removed Pin From Net: NetName=GND Pin=D5-1
Removed Pin From Net: NetName=GND Pin=E1-2
Removed Pin From Net: NetName=VCC_24V Pin=E2-1
Removed Pin From Net: NetName=GND Pin=E2-2
Removed Pin From Net: NetName=GND Pin=J1-2
Removed Pin From Net: NetName=GND Pin=J3-2
Removed Pin From Net: NetName=VCC_24V Pin=L1-2
Removed Pin From Net: NetName=VCC_24V Pin=LED1-1
Removed Pin From Net: NetName=VCC_24V Pin=LED3-1
Removed Pin From Net: NetName=VCC_24V Pin=R11-2
Removed Pin From Net: NetName=GND Pin=R12-1
Removed Pin From Net: NetName=GND Pin=U1-6
Removed Pin From Net: NetName=GND Pin=U1-9
Removed Member From Class: ClassName=ControlBoard Member=C1
Removed Member From Class: ClassName=ControlBoard Member=C2
Removed Member From Class: ClassName=ControlBoard Member=D5
Removed Member From Class: ClassName=ControlBoard Member=E1
Removed Member From Class: ClassName=ControlBoard Member=E2
Removed Member From Class: ClassName=ControlBoard Member=L1
Removed Member From Class: ClassName=ControlBoard Member=R12
Removed Member From Class: ClassName=ControlBoard Member=U1
Change Component Comment : Designator=R1 Old Comment=0R New Comment=30R
Change Component Comment : Designator=R2 Old Comment=0R New Comment=30R
Change Component Designator: OldDesignator=D3 NewDesignator=D4
Change Component Designator: OldDesignator=J1 NewDesignator=J3
Change Component Designator: OldDesignator=J2 NewDesignator=J4
Change Component Designator: OldDesignator=J3 NewDesignator=J5
Change Component Designator: OldDesignator=J4 NewDesignator=J2
Change Component Designator: OldDesignator=J5 NewDesignator=J1
Change Component Designator: OldDesignator=R2 NewDesignator=R8
Change Component Designator: OldDesignator=R8 NewDesignator=R10
Change Component Designator: OldDesignator=R9 NewDesignator=R11
Added Component: Designator=D3(SMA)
Add component (AddParameter): Name = "BOM名称"; Value = "肖特基二极管"; VariantName = "[No Variations]"
Add component (AddParameter): Name = "学习资源"; Value = "www.ooocke.com"; VariantName = "[No Variations]"
Add component (AddParameter): Name = "属性"; Value = "40V/1A"; VariantName = "[No Variations]"
Add component (AddParameter): Name = "版权归属"; Value = "源创客"; VariantName = "[No Variations]"
Added Component: Designator=R2(0805R)
Added Component: Designator=R9(0805R)
Added Pin To Net: NetName=VCC_24V Pin=D1-2
Added Pin To Net: NetName=VCC_24V Pin=D3-2
Added Pin To Net: NetName=VCC_24V Pin=J1-1
Added Pin To Net: NetName=VCC_24V Pin=J1-2
Added Pin To Net: NetName=VCC_24V Pin=R2-1
Added Pin To Net: NetName=VCC_24V Pin=R9-1
Change Net Name : Old Net Name=NetD3_1 New Net Name=NetD4_1
Change Net Name : Old Net Name=NetJ2_1 New Net Name=NetJ4_1
Change Net Name : Old Net Name=NetJ2_2 New Net Name=NetJ4_2
Added Pin To Net: NetName=NetD1_1 Pin=D1-1
Added Pin To Net: NetName=NetD1_1 Pin=J3-2
Added Pin To Net: NetName=NetD1_1 Pin=LED1-2
Added Pin To Net: NetName=NetD1_1 Pin=Q1-D
Added Net: Name=NetD1_1
Added Pin To Net: NetName=NetD3_1 Pin=D3-1
Added Pin To Net: NetName=NetD3_1 Pin=J5-2
Added Pin To Net: NetName=NetD3_1 Pin=LED3-2
Added Pin To Net: NetName=NetD3_1 Pin=Q2-D
Added Net: Name=NetD3_1
Added Pin To Net: NetName=NetJ3_1 Pin=J3-1
Added Pin To Net: NetName=NetJ3_1 Pin=R1-1
Added Net: Name=NetJ3_1
Added Pin To Net: NetName=NetJ5_1 Pin=J5-1
Added Pin To Net: NetName=NetJ5_1 Pin=R8-1
Added Net: Name=NetJ5_1
Added Pin To Net: NetName=NetLED1_1 Pin=LED1-1
Added Pin To Net: NetName=NetLED1_1 Pin=R2-2
Added Net: Name=NetLED1_1
Added Pin To Net: NetName=NetLED3_1 Pin=LED3-1
Added Pin To Net: NetName=NetLED3_1 Pin=R9-2
Added Net: Name=NetLED3_1
Added Member To Class: ClassName=ControlBoard Member=Component R10 30R
Added Room: Name=ControlBoard
